[Mon Aug 11 19:51:24 2008] NewSysLog: logfile turned over due to size > 32768 bytes
[Mon Aug 11 19:51:24 2008] Can't delete Nokia_8800_Arte77.jpg!
[Mon Aug 11 19:51:27 2008] Can't delete Nokia_8800_Arte74.jpg!
[Mon Aug 11 19:51:27 2008] Can't delete Nokia_8800_Arte76.jpg!
[Mon Aug 11 19:51:27 2008] Can't delete Nokia_8800_Arte77.jpg!
[Mon Aug 11 19:51:30 2008] Can't delete Nokia_8800_Arte74.jpg!
[Mon Aug 11 19:51:30 2008] Can't delete Nokia_8800_Arte76.jpg!
[Mon Aug 11 19:51:30 2008] Can't delete Nokia_8800_Arte77.jpg!
[Mon Aug 11 19:51:36 2008] Can't delete Nokia_8800_Arte74.jpg!
[Mon Aug 11 19:51:36 2008] Can't delete Nokia_8800_Arte76.jpg!
[Mon Aug 11 19:51:36 2008] Can't delete Nokia_8800_Arte77.jpg!
[Mon Aug 11 19:51:52 2008] Can't delete Nokia_8800_Arte74.jpg!
[Mon Aug 11 19:51:52 2008] Can't delete Nokia_8800_Arte76.jpg!
[Mon Aug 11 19:51:52 2008] Can't delete Nokia_8800_Arte77.jpg!
[Mon Aug 11 19:52:01 2008] Can't delete Nokia_8800_Arte74.jpg!
[Mon Aug 11 19:52:01 2008] Can't delete Nokia_8800_Arte76.jpg!
[Mon Aug 11 19:52:01 2008] Can't delete Nokia_8800_Arte77.jpg!
[Mon Aug 11 19:52:08 2008] Can't delete Nokia_8800_Arte74.jpg!
[Mon Aug 11 19:52:08 2008] Can't delete Nokia_8800_Arte76.jpg!
[Mon Aug 11 19:52:08 2008] Can't delete Nokia_8800_Arte77.jpg!
[Mon Aug 11 19:52:12 2008] Can't delete Nokia_8800_Arte74.jpg!
[Mon Aug 11 19:52:12 2008] Can't delete Nokia_8800_Arte76.jpg!
[Mon Aug 11 19:52:12 2008] Can't delete Nokia_8800_Arte77.jpg!
[Mon Aug 11 19:52:14 2008] Can't delete Nokia_8800_Arte74.jpg!
[Mon Aug 11 19:52:14 2008] Can't delete Nokia_8800_Arte76.jpg!
[Mon Aug 11 19:52:14 2008] Can't delete Nokia_8800_Arte77.jpg!
[Mon Aug 11 19:52:19 2008] Can't delete Nokia_8800_Arte74.jpg!
[Mon Aug 11 19:52:19 2008] Can't delete Nokia_8800_Arte76.jpg!
[Mon Aug 11 19:52:19 2008] Can't delete Nokia_8800_Arte77.jpg!
[Mon Aug 11 19:52:22 2008] Can't delete Nokia_8800_Arte74.jpg!
[Mon Aug 11 19:52:22 2008] Can't delete Nokia_8800_Arte76.jpg!
[Mon Aug 11 19:52:22 2008] Can't delete Nokia_8800_Arte77.jpg!
[Mon Aug 11 19:52:27 2008] Can't delete Nokia_8800_Arte74.jpg!
[Mon Aug 11 19:52:27 2008] Can't delete Nokia_8800_Arte76.jpg!
[Mon Aug 11 19:52:27 2008] Can't delete Nokia_8800_Arte77.jpg!
[Mon Aug 11 19:52:34 2008] Can't delete Nokia_8800_Arte74.jpg!
[Mon Aug 11 19:52:34 2008] Can't delete Nokia_8800_Arte76.jpg!
[Mon Aug 11 19:52:34 2008] Can't delete Nokia_8800_Arte77.jpg!
[Mon Aug 11 19:52:37 2008] Can't delete Nokia_8800_Arte74.jpg!
[Mon Aug 11 19:52:37 2008] Can't delete Nokia_8800_Arte76.jpg!
[Mon Aug 11 19:52:37 2008] Can't delete Nokia_8800_Arte77.jpg!
[Mon Aug 11 19:52:41 2008] Can't delete Nokia_8800_Arte74.jpg!
[Mon Aug 11 19:52:41 2008] Can't delete Nokia_8800_Arte76.jpg!
[Mon Aug 11 19:52:41 2008] Can't delete Nokia_8800_Arte77.jpg!
[Mon Aug 11 19:52:45 2008] Can't delete Nokia_8800_Arte74.jpg!
[Mon Aug 11 19:52:45 2008] Can't delete Nokia_8800_Arte76.jpg!
[Mon Aug 11 19:52:45 2008] Can't delete Nokia_8800_Arte77.jpg!
[Mon Aug 11 19:52:48 2008] Can't delete Nokia_8800_Arte74.jpg!
[Mon Aug 11 19:52:48 2008] Can't delete Nokia_8800_Arte76.jpg!
[Mon Aug 11 19:52:48 2008] Can't delete Nokia_8800_Arte77.jpg!
[Mon Aug 11 19:52:52 2008] Can't delete Nokia_8800_Arte74.jpg!
[Mon Aug 11 19:52:52 2008] Can't delete Nokia_8800_Arte76.jpg!
[Mon Aug 11 19:52:52 2008] Can't delete Nokia_8800_Arte77.jpg!
[Mon Aug 11 19:53:02 2008] Can't delete Nokia_8800_Arte74.jpg!
[Mon Aug 11 19:53:02 2008] Can't delete Nokia_8800_Arte76.jpg!
[Mon Aug 11 19:53:02 2008] Can't delete Nokia_8800_Arte77.jpg!
[Mon Aug 11 19:53:04 2008] Can't delete Nokia_8800_Arte74.jpg!
[Mon Aug 11 19:53:04 2008] Can't delete Nokia_8800_Arte76.jpg!
[Mon Aug 11 19:53:04 2008] Can't delete Nokia_8800_Arte77.jpg!
[Mon Aug 11 19:53:06 2008] Can't delete Nokia_8800_Arte74.jpg!
[Mon Aug 11 19:53:06 2008] Can't delete Nokia_8800_Arte76.jpg!
[Mon Aug 11 19:53:06 2008] Can't delete Nokia_8800_Arte77.jpg!
[Mon Aug 11 19:53:09 2008] Can't delete Nokia_8800_Arte74.jpg!
[Mon Aug 11 19:53:09 2008] Can't delete Nokia_8800_Arte76.jpg!
[Mon Aug 11 19:53:09 2008] Can't delete Nokia_8800_Arte77.jpg!
[Mon Aug 11 19:53:12 2008] Can't delete Nokia_8800_Arte74.jpg!
[Mon Aug 11 19:53:12 2008] Can't delete Nokia_8800_Arte76.jpg!
[Mon Aug 11 19:53:12 2008] Can't delete Nokia_8800_Arte77.jpg!
[Mon Aug 11 19:53:15 2008] Can't delete Nokia_8800_Arte74.jpg!
[Mon Aug 11 19:53:15 2008] Can't delete Nokia_8800_Arte76.jpg!
[Mon Aug 11 19:53:15 2008] Can't delete Nokia_8800_Arte77.jpg!
[Mon Aug 11 19:53:17 2008] Can't delete Nokia_8800_Arte74.jpg!
[Mon Aug 11 19:53:17 2008] Can't delete Nokia_8800_Arte76.jpg!
[Mon Aug 11 19:53:17 2008] Can't delete Nokia_8800_Arte77.jpg!
[Mon Aug 11 19:53:19 2008] Can't delete Nokia_8800_Arte74.jpg!
[Mon Aug 11 19:53:19 2008] Can't delete Nokia_8800_Arte76.jpg!
[Mon Aug 11 19:53:19 2008] Can't delete Nokia_8800_Arte77.jpg!
[Mon Aug 11 19:53:22 2008] Can't delete Nokia_8800_Arte74.jpg!
[Mon Aug 11 19:53:22 2008] Can't delete Nokia_8800_Arte76.jpg!
[Mon Aug 11 19:53:22 2008] Can't delete Nokia_8800_Arte77.jpg!
[Mon Aug 11 19:53:27 2008] Can't delete Nokia_8800_Arte74.jpg!
[Mon Aug 11 19:53:27 2008] Can't delete Nokia_8800_Arte76.jpg!
[Mon Aug 11 19:53:27 2008] Can't delete Nokia_8800_Arte77.jpg!
[Mon Aug 11 19:53:29 2008] Can't delete Nokia_8800_Arte74.jpg!
[Mon Aug 11 19:53:29 2008] Can't delete Nokia_8800_Arte76.jpg!
[Mon Aug 11 19:53:29 2008] Can't delete Nokia_8800_Arte77.jpg!
[Mon Aug 11 19:53:32 2008] Can't delete Nokia_8800_Arte74.jpg!
[Mon Aug 11 19:53:32 2008] Can't delete Nokia_8800_Arte76.jpg!
[Mon Aug 11 19:53:32 2008] Can't delete Nokia_8800_Arte77.jpg!
[Mon Aug 11 19:53:35 2008] Can't delete Nokia_8800_Arte74.jpg!
[Mon Aug 11 19:53:35 2008] Can't delete Nokia_8800_Arte76.jpg!
[Mon Aug 11 19:53:35 2008] Can't delete Nokia_8800_Arte77.jpg!
[Mon Aug 11 19:53:37 2008] Can't delete Nokia_8800_Arte74.jpg!
[Mon Aug 11 19:53:37 2008] Can't delete Nokia_8800_Arte76.jpg!
[Mon Aug 11 19:53:37 2008] Can't delete Nokia_8800_Arte77.jpg!
[Mon Aug 11 19:53:39 2008] Can't delete Nokia_8800_Arte74.jpg!
[Mon Aug 11 19:53:39 2008] Can't delete Nokia_8800_Arte76.jpg!
[Mon Aug 11 19:53:39 2008] Can't delete Nokia_8800_Arte77.jpg!
[Mon Aug 11 19:53:43 2008] Can't delete Nokia_8800_Arte74.jpg!
[Mon Aug 11 19:53:43 2008] Can't delete Nokia_8800_Arte76.jpg!
[Mon Aug 11 19:53:43 2008] Can't delete Nokia_8800_Arte77.jpg!
[Mon Aug 11 19:53:46 2008] Can't delete Nokia_8800_Arte74.jpg!
[Mon Aug 11 19:53:46 2008] Can't delete Nokia_8800_Arte76.jpg!
[Mon Aug 11 19:53:46 2008] Can't delete Nokia_8800_Arte77.jpg!
[Mon Aug 11 19:53:49 2008] Can't delete Nokia_8800_Arte74.jpg!
[Mon Aug 11 19:53:49 2008] Can't delete Nokia_8800_Arte76.jpg!
[Mon Aug 11 19:53:49 2008] Can't delete Nokia_8800_Arte77.jpg!
[Mon Aug 11 19:53:54 2008] Can't delete Nokia_8800_Arte74.jpg!
[Mon Aug 11 19:53:54 2008] Can't delete Nokia_8800_Arte76.jpg!
[Mon Aug 11 19:53:54 2008] Can't delete Nokia_8800_Arte77.jpg!
[Mon Aug 11 19:54:01 2008] Can't delete Nokia_8800_Arte74.jpg!
[Mon Aug 11 19:54:01 2008] Can't delete Nokia_8800_Arte76.jpg!
[Mon Aug 11 19:54:01 2008] Can't delete Nokia_8800_Arte77.jpg!
[Mon Aug 11 19:54:05 2008] Can't delete Nokia_8800_Arte74.jpg!
[Mon Aug 11 19:54:05 2008] Can't delete Nokia_8800_Arte76.jpg!
[Mon Aug 11 19:54:05 2008] Can't delete Nokia_8800_Arte77.jpg!
[Mon Aug 11 19:54:12 2008] Can't delete Nokia_8800_Arte74.jpg!
[Mon Aug 11 19:54:12 2008] Can't delete Nokia_8800_Arte76.jpg!
[Mon Aug 11 19:54:12 2008] Can't delete Nokia_8800_Arte77.jpg!
[Mon Aug 11 19:54:19 2008] Can't delete Nokia_8800_Arte74.jpg!
[Mon Aug 11 19:54:19 2008] Can't delete Nokia_8800_Arte76.jpg!
[Mon Aug 11 19:54:19 2008] Can't delete Nokia_8800_Arte77.jpg!
[Mon Aug 11 19:54:22 2008] Can't delete Nokia_8800_Arte74.jpg!
[Mon Aug 11 19:54:22 2008] Can't delete Nokia_8800_Arte76.jpg!
[Mon Aug 11 19:54:22 2008] Can't delete Nokia_8800_Arte77.jpg!
[Mon Aug 11 19:54:28 2008] Can't delete Nokia_8800_Arte74.jpg!
[Mon Aug 11 19:54:28 2008] Can't delete Nokia_8800_Arte76.jpg!
[Mon Aug 11 19:54:28 2008] Can't delete Nokia_8800_Arte77.jpg!
[Mon Aug 11 19:54:37 2008] Can't delete Nokia_8800_Arte74.jpg!
[Mon Aug 11 19:54:37 2008] Can't delete Nokia_8800_Arte76.jpg!
[Mon Aug 11 19:54:37 2008] Can't delete Nokia_8800_Arte77.jpg!
[Mon Aug 11 19:54:40 2008] Can't delete Nokia_8800_Arte74.jpg!
[Mon Aug 11 19:54:40 2008] Can't delete Nokia_8800_Arte76.jpg!
[Mon Aug 11 19:54:40 2008] Can't delete Nokia_8800_Arte77.jpg!
[Mon Aug 11 19:54:44 2008] Can't delete Nokia_8800_Arte74.jpg!
[Mon Aug 11 19:54:44 2008] Can't delete Nokia_8800_Arte76.jpg!
[Mon Aug 11 19:54:44 2008] Can't delete Nokia_8800_Arte77.jpg!
[Mon Aug 11 19:54:47 2008] Can't delete Nokia_8800_Arte74.jpg!
[Mon Aug 11 19:54:47 2008] Can't delete Nokia_8800_Arte76.jpg!
[Mon Aug 11 19:54:47 2008] Can't delete Nokia_8800_Arte77.jpg!
[Mon Aug 11 19:54:50 2008] Can't delete Nokia_8800_Arte74.jpg!
[Mon Aug 11 19:54:50 2008] Can't delete Nokia_8800_Arte76.jpg!
[Mon Aug 11 19:54:50 2008] Can't delete Nokia_8800_Arte77.jpg!
[Mon Aug 11 19:54:54 2008] Can't delete Nokia_8800_Arte74.jpg!
[Mon Aug 11 19:54:54 2008] Can't delete Nokia_8800_Arte76.jpg!
[Mon Aug 11 19:54:54 2008] Can't delete Nokia_8800_Arte77.jpg!
[Mon Aug 11 19:54:58 2008] Can't delete Nokia_8800_Arte74.jpg!
[Mon Aug 11 19:54:58 2008] Can't delete Nokia_8800_Arte76.jpg!
[Mon Aug 11 19:54:58 2008] Can't delete Nokia_8800_Arte77.jpg!
[Mon Aug 11 19:55:00 2008] Can't delete Nokia_8800_Arte74.jpg!
[Mon Aug 11 19:55:00 2008] Can't delete Nokia_8800_Arte76.jpg!
[Mon Aug 11 19:55:00 2008] Can't delete Nokia_8800_Arte77.jpg!
[Mon Aug 11 19:55:02 2008] Can't delete Nokia_8800_Arte74.jpg!
[Mon Aug 11 19:55:02 2008] Can't delete Nokia_8800_Arte76.jpg!
[Mon Aug 11 19:55:02 2008] Can't delete Nokia_8800_Arte77.jpg!
[Mon Aug 11 19:55:04 2008] Can't delete Nokia_8800_Arte74.jpg!
[Mon Aug 11 19:55:04 2008] Can't delete Nokia_8800_Arte76.jpg!
[Mon Aug 11 19:55:04 2008] Can't delete Nokia_8800_Arte77.jpg!
[Mon Aug 11 19:55:07 2008] Can't delete Nokia_8800_Arte74.jpg!
[Mon Aug 11 19:55:07 2008] Can't delete Nokia_8800_Arte76.jpg!
[Mon Aug 11 19:55:07 2008] Can't delete Nokia_8800_Arte77.jpg!
[Mon Aug 11 19:55:10 2008] Getting news from RU::EUROSET...
[Mon Aug 11 19:55:14 2008] Can't delete Nokia_8800_Arte74.jpg!
[Mon Aug 11 19:55:14 2008] Can't delete Nokia_8800_Arte76.jpg!
[Mon Aug 11 19:55:14 2008] Can't delete Nokia_8800_Arte77.jpg!
[Mon Aug 11 19:55:17 2008] Can't delete Nokia_8800_Arte74.jpg!
[Mon Aug 11 19:55:17 2008] Can't delete Nokia_8800_Arte76.jpg!
[Mon Aug 11 19:55:17 2008] Can't delete Nokia_8800_Arte77.jpg!
[Mon Aug 11 19:55:19 2008] Can't delete Nokia_8800_Arte74.jpg!
[Mon Aug 11 19:55:19 2008] Can't delete Nokia_8800_Arte76.jpg!
[Mon Aug 11 19:55:19 2008] Can't delete Nokia_8800_Arte77.jpg!
[Mon Aug 11 19:55:22 2008] Can't delete Nokia_8800_Arte74.jpg!
[Mon Aug 11 19:55:22 2008] Can't delete Nokia_8800_Arte76.jpg!
[Mon Aug 11 19:55:22 2008] Can't delete Nokia_8800_Arte77.jpg!
[Mon Aug 11 19:55:24 2008] Can't delete Nokia_8800_Arte74.jpg!
[Mon Aug 11 19:55:24 2008] Can't delete Nokia_8800_Arte76.jpg!
[Mon Aug 11 19:55:24 2008] Can't delete Nokia_8800_Arte77.jpg!
[Mon Aug 11 19:55:25 2008] Can't delete Nokia_8800_Arte74.jpg!
[Mon Aug 11 19:55:25 2008] Can't delete Nokia_8800_Arte76.jpg!
[Mon Aug 11 19:55:25 2008] Can't delete Nokia_8800_Arte77.jpg!
[Mon Aug 11 19:55:27 2008] Can't delete Nokia_8800_Arte74.jpg!
[Mon Aug 11 19:55:27 2008] Can't delete Nokia_8800_Arte76.jpg!
[Mon Aug 11 19:55:27 2008] Can't delete Nokia_8800_Arte77.jpg!
[Mon Aug 11 19:55:30 2008] Can't delete Nokia_8800_Arte74.jpg!
[Mon Aug 11 19:55:30 2008] Can't delete Nokia_8800_Arte76.jpg!
[Mon Aug 11 19:55:30 2008] Can't delete Nokia_8800_Arte77.jpg!
[Mon Aug 11 19:55:32 2008] Can't delete Nokia_8800_Arte74.jpg!
[Mon Aug 11 19:55:32 2008] Can't delete Nokia_8800_Arte76.jpg!
[Mon Aug 11 19:55:32 2008] Can't delete Nokia_8800_Arte77.jpg!
[Mon Aug 11 19:55:34 2008] Can't delete Nokia_8800_Arte74.jpg!
[Mon Aug 11 19:55:34 2008] Can't delete Nokia_8800_Arte76.jpg!
[Mon Aug 11 19:55:34 2008] Can't delete Nokia_8800_Arte77.jpg!
[Mon Aug 11 19:55:36 2008] Can't delete Nokia_8800_Arte74.jpg!
[Mon Aug 11 19:55:36 2008] Can't delete Nokia_8800_Arte76.jpg!
[Mon Aug 11 19:55:36 2008] Can't delete Nokia_8800_Arte77.jpg!
[Mon Aug 11 19:55:38 2008] Can't delete Nokia_8800_Arte74.jpg!
[Mon Aug 11 19:55:38 2008] Can't delete Nokia_8800_Arte76.jpg!
[Mon Aug 11 19:55:38 2008] Can't delete Nokia_8800_Arte77.jpg!
[Mon Aug 11 19:55:39 2008] Can't delete Nokia_8800_Arte74.jpg!
[Mon Aug 11 19:55:39 2008] Can't delete Nokia_8800_Arte76.jpg!
[Mon Aug 11 19:55:39 2008] Can't delete Nokia_8800_Arte77.jpg!
[Mon Aug 11 19:55:42 2008] Can't delete Nokia_8800_Arte74.jpg!
[Mon Aug 11 19:55:42 2008] Can't delete Nokia_8800_Arte76.jpg!
[Mon Aug 11 19:55:42 2008] Can't delete Nokia_8800_Arte77.jpg!
[Mon Aug 11 19:55:46 2008] Can't delete Nokia_8800_Arte74.jpg!
[Mon Aug 11 19:55:46 2008] Can't delete Nokia_8800_Arte76.jpg!
[Mon Aug 11 19:55:46 2008] Can't delete Nokia_8800_Arte77.jpg!
[Mon Aug 11 19:55:49 2008] Can't delete Nokia_8800_Arte74.jpg!
[Mon Aug 11 19:55:49 2008] Can't delete Nokia_8800_Arte76.jpg!
[Mon Aug 11 19:55:49 2008] Can't delete Nokia_8800_Arte77.jpg!
[Wed Aug 13 20:30:43 2008] Getting news from RU::EUROSET...
[Thu Aug 14 21:38:43 2008] Getting news from RU::MOBIGURU...
[Thu Aug 14 21:40:57 2008] Getting news from RU::MOBIGURU...
[Thu Aug 14 21:43:52 2008] Getting news from RU::MOBIGURU...
[Thu Aug 14 21:45:47 2008] Getting news from RU::MOBIGURU...
[Thu Aug 14 21:47:17 2008] Getting news from RU::MOBIGURU...
[Thu Aug 14 21:47:20 2008] Getting news from RU::MOBIGURU...
[Thu Aug 14 21:47:20 2008] Getting news from RU::MOBIGURU...
[Thu Aug 14 21:47:20 2008] Getting news from RU::MOBIGURU...
[Thu Aug 14 22:17:38 2008] Getting news from RU::MOBIGURU...
[Thu Aug 14 22:17:38 2008] Getting news from RU::MOBIGURU...
[Thu Aug 14 22:17:38 2008] Getting news from RU::MOBIGURU...
[Thu Aug 14 22:17:39 2008] Getting news from RU::MOBIGURU...
[Thu Aug 14 22:17:39 2008] Getting news from RU::MOBIGURU...
[Thu Aug 14 22:17:39 2008] Getting news from RU::MOBIGURU...
[Thu Aug 14 22:22:33 2008] Getting news from RU::MOBIGURU...
[Thu Aug 14 22:22:33 2008] Getting news from RU::MOBIGURU...
[Thu Aug 14 22:22:33 2008] Getting news from RU::MOBIGURU...
[Thu Aug 14 22:22:33 2008] Getting news from RU::MOBIGURU...
[Thu Aug 14 22:22:33 2008] Getting news from RU::MOBIGURU...
[Thu Aug 14 22:22:33 2008] Getting news from RU::MOBIGURU...
[Thu Aug 14 22:22:33 2008] Getting news from RU::MOBIGURU...
[Thu Aug 14 22:23:13 2008] Getting news from RU::MOBIGURU...
[Thu Aug 14 22:24:08 2008] Getting news from RU::MOBIGURU...
[Thu Aug 14 22:24:08 2008] Getting news from RU::MOBIGURU...
[Thu Aug 14 22:24:08 2008] Getting news from RU::MOBIGURU...
[Thu Aug 14 22:24:08 2008] Getting news from RU::MOBIGURU...
[Thu Aug 14 22:24:08 2008] Getting news from RU::MOBIGURU...
[Thu Aug 14 22:25:43 2008] Getting news from RU::MOBIGURU...
[Thu Aug 14 22:25:44 2008] Getting news from RU::MOBIGURU...
[Thu Aug 14 22:25:44 2008] Getting news from RU::MOBIGURU...
[Thu Aug 14 22:25:44 2008] Getting news from RU::MOBIGURU...
[Thu Aug 14 22:25:44 2008] Getting news from RU::MOBIGURU...
[Thu Aug 14 22:25:44 2008] Getting news from RU::MOBIGURU...
[Thu Aug 14 22:43:46 2008] Getting news from RU::MOBIGURU...
[Thu Aug 14 22:43:46 2008] Getting news from RU::MOBIGURU...
[Thu Aug 14 22:43:47 2008] Getting news from RU::MOBIGURU...
[Thu Aug 14 22:43:47 2008] Getting news from RU::MOBIGURU...
[Thu Aug 14 22:43:48 2008] Getting news from RU::MOBIGURU...
[Thu Aug 14 22:43:48 2008] Getting news from RU::MOBIGURU...
[Thu Aug 14 22:43:48 2008] Getting news from RU::MOBIGURU...
[Thu Aug 14 22:44:08 2008] Getting news from RU::MOBIGURU...
[Thu Aug 14 22:44:41 2008] Getting news from RU::MOBIGURU...
[Thu Aug 14 22:44:42 2008] Getting news from RU::MOBIGURU...
[Thu Aug 14 22:44:42 2008] Getting news from RU::MOBIGURU...
[Thu Aug 14 22:44:42 2008] Getting news from RU::MOBIGURU...
[Thu Aug 14 22:44:42 2008] Getting news from RU::MOBIGURU...
[Thu Aug 14 22:44:48 2008] Getting news from RU::MOBIGURU...
[Thu Aug 14 22:45:56 2008] Can't delete Samsung_SGH-C1703.jpg!
[Thu Aug 14 22:45:58 2008] Getting news from RU::MOBIGURU...
[Thu Aug 14 22:45:58 2008] Getting news from RU::MOBIGURU...
[Thu Aug 14 22:45:59 2008] Getting news from RU::MOBIGURU...
[Thu Aug 14 22:45:59 2008] Getting news from RU::MOBIGURU...
[Thu Aug 14 22:46:19 2008] Getting news from RU::MOBIGURU...
[Thu Aug 14 22:47:41 2008] Getting news from RU::MOBIGURU...
[Thu Aug 14 23:31:17 2008] Getting news from RU::MOBIGURU...
[Thu Aug 14 23:32:13 2008] Getting news from RU::MOBIGURU...
[Thu Aug 14 23:32:13 2008] Getting news from RU::MOBIGURU...
[Thu Aug 14 23:32:13 2008] Getting news from RU::MOBIGURU...
[Thu Aug 14 23:32:14 2008] Getting news from RU::MOBIGURU...
[Thu Aug 14 23:32:59 2008] Getting news from RU::MOBIGURU...
[Thu Aug 14 23:33:57 2008] Getting news from RU::MOBIGURU...
[Thu Aug 14 23:33:57 2008] Getting news from RU::MOBIGURU...
[Thu Aug 14 23:33:57 2008] Getting news from RU::MOBIGURU...
[Thu Aug 14 23:33:58 2008] Getting news from RU::MOBIGURU...
[Thu Aug 14 23:34:22 2008] Getting news from RU::MOBIGURU...
[Thu Aug 14 23:35:35 2008] Getting news from RU::MOBIGURU...
[Thu Aug 14 23:42:28 2008] Getting news from RU::MOBIGURU...
[Thu Aug 14 23:43:35 2008] Getting news from RU::MOBIGURU...
[Thu Aug 14 23:43:35 2008] Getting news from RU::MOBIGURU...
[Thu Aug 14 23:43:35 2008] Getting news from RU::MOBIGURU...
[Thu Aug 14 23:43:35 2008] Getting news from RU::MOBIGURU...
[Thu Aug 14 23:43:59 2008] Getting news from RU::MOBIGURU...
[Thu Aug 14 23:45:21 2008] Getting news from RU::MOBIGURU...
[Fri Aug 15 01:23:31 2008] Getting news from RU::MOBIGURU...
[Fri Aug 15 01:24:49 2008] Getting news from RU::MOBIGURU...
[Fri Aug 15 01:27:38 2008] Getting news from RU::MOBIGURU...
[Fri Aug 15 01:29:11 2008] Getting news from RU::MOBIGURU...
[Fri Aug 15 01:29:11 2008] Getting news from RU::MOBIGURU...
[Fri Aug 15 01:29:11 2008] Getting news from RU::MOBIGURU...
[Fri Aug 15 01:29:11 2008] Getting news from RU::MOBIGURU...
[Fri Aug 15 01:29:26 2008] Getting news from RU::MOBIGURU...
[Fri Aug 15 01:32:16 2008] Getting news from RU::MOBIGURU...
[Fri Aug 15 01:32:17 2008] Getting news from RU::MOBIGURU...
[Fri Aug 15 01:32:17 2008] Getting news from RU::MOBIGURU...
[Fri Aug 15 01:32:17 2008] Getting news from RU::MOBIGURU...
[Fri Aug 15 01:32:45 2008] Getting news from RU::MOBIGURU...
[Fri Aug 15 01:35:43 2008] Can't delete nokia_7900_prism_1.jpg!
[Fri Aug 15 01:36:19 2008] Getting news from RU::MOBIGURU...
[Thu Sep 25 20:32:43 2008] Getting news from RU::PILOTAGE_RC...
[Thu Sep 25 20:35:11 2008] Getting news from RU::PILOTAGE_RC...
[Thu Sep 25 20:35:37 2008] Getting news from RU::PILOTAGE_RC...
[Thu Sep 25 20:38:13 2008] Getting news from RU::PILOTAGE_RC...
[Thu Sep 25 20:38:50 2008] Getting news from RU::PILOTAGE_RC...
[Thu Sep 25 20:39:27 2008] Getting news from RU::PILOTAGE_RC...
[Thu Sep 25 20:42:11 2008] Getting news from RU::PILOTAGE_RC...
[Thu Sep 25 20:49:15 2008] Getting news from RU::PILOTAGE_RC...
[Thu Sep 25 20:54:41 2008] Getting news from RU::PILOTAGE_RC...
[Thu Sep 25 20:55:29 2008] Getting news from RU::PILOTAGE_RC...
[Thu Sep 25 20:56:33 2008] Getting news from RU::PILOTAGE_RC...
[Thu Sep 25 20:57:07 2008] Getting news from RU::PILOTAGE_RC...
[Thu Sep 25 20:57:45 2008] Getting news from RU::PILOTAGE_RC...
[Thu Sep 25 21:09:45 2008] Getting news from RU::PILOTAGE_RC...
[Sun Sep 28 16:45:24 2008] Getting news from RU::PILOTAGE_RC...
[Sun Sep 28 16:49:13 2008] Getting news from RU::PILOTAGE_RC...
[Sun Sep 28 16:50:24 2008] Getting news from RU::PILOTAGE_RC...
[Sun Sep 28 16:51:06 2008] Getting news from RU::PILOTAGE_RC...
[Sun Sep 28 17:05:44 2008] Getting news from RU::PILOTAGE_RC...
[Sun Sep 28 17:08:30 2008] Getting news from RU::PILOTAGE_RC...
[Sun Sep 28 17:33:48 2008] Getting news from RU::PILOTAGE_RC...
[Sun Sep 28 17:41:39 2008] Getting news from RU::PILOTAGE_RC...
[Sun Sep 28 17:46:22 2008] Getting news from RU::PILOTAGE_RC...
[Sun Sep 28 17:47:58 2008] Getting news from RU::PILOTAGE_RC...
[Sun Sep 28 17:50:35 2008] Getting news from RU::PILOTAGE_RC...
[Sun Sep 28 17:51:51 2008] Getting news from RU::PILOTAGE_RC...
[Sun Sep 28 17:56:29 2008] Getting news from RU::PILOTAGE_RC...
[Sun Sep 28 17:57:30 2008] Getting news from RU::PILOTAGE_RC...
[Sun Sep 28 18:03:36 2008] Getting news from RU::PILOTAGE_RC...
[Sun Sep 28 18:13:30 2008] Getting news from RU::PILOTAGE_RC...
[Sun Sep 28 18:13:53 2008] Getting news from RU::PILOTAGE_RC...
[Sun Sep 28 18:14:15 2008] Getting news from RU::PILOTAGE_RC...
[Sun Sep 28 19:18:54 2008] Getting news from RU::PILOTAGE_RC...
[Sun Sep 28 19:53:40 2008] Getting news from RU::PILOTAGE_RC...
[Sun Sep 28 20:45:10 2008] Getting news from RU::PILOTAGE_RC...
[Sun Sep 28 21:19:05 2008] Getting news from RU::PILOTAGE_RC...
[Sun Sep 28 21:42:44 2008] Getting news from RU::PILOTAGE_RC...
[Mon Sep 29 00:07:23 2008] Getting news from RU::PILOTAGE_RC...
[Mon Sep 29 01:12:27 2008] Getting news from RU::PILOTAGE_RC...
[Mon Sep 29 01:16:40 2008] Getting news from RU::PILOTAGE_RC...
[Mon Sep 29 01:24:51 2008] Getting news from RU::PILOTAGE_RC...
[Mon Sep 29 01:32:39 2008] Getting news from RU::PILOTAGE_RC...
[Mon Sep 29 01:38:41 2008] Getting news from RU::PILOTAGE_RC...
[Mon Sep 29 01:38:56 2008] Getting news from RU::PILOTAGE_RC...
[Mon Sep 29 01:39:17 2008] Getting news from RU::PILOTAGE_RC...
[Mon Sep 29 01:39:53 2008] Getting news from RU::PILOTAGE_RC...
[Mon Sep 29 01:40:57 2008] Getting news from RU::PILOTAGE_RC...
[Mon Sep 29 01:41:52 2008] Getting news from RU::PILOTAGE_RC...
[Mon Sep 29 01:42:37 2008] Getting news from RU::PILOTAGE_RC...
[Mon Sep 29 01:44:03 2008] Getting news from RU::PILOTAGE_RC...
[Mon Sep 29 01:45:03 2008] Getting news from RU::PILOTAGE_RC...
[Mon Sep 29 01:46:09 2008] Getting news from RU::PILOTAGE_RC...
[Mon Sep 29 01:47:29 2008] Getting news from RU::PILOTAGE_RC...
[Mon Sep 29 01:59:15 2008] Getting news from RU::PILOTAGE_RC...
[Mon Sep 29 02:13:27 2008] Getting news from RU::PILOTAGE_RC...
[Mon Sep 29 03:03:05 2008] Getting news from RU::PILOTAGE_RC...
[Mon Sep 29 09:46:52 2008] Getting news from RU::PILOTAGE_RC...
[Tue Sep 30 02:49:48 2008] Getting news from RU::PILOTAGE_RC...
[Tue Sep 30 03:15:25 2008] Getting news from RU::PILOTAGE_RC...
[Tue Sep 30 03:15:46 2008] Getting news from RU::PILOTAGE_RC...
[Tue Sep 30 03:17:39 2008] Getting news from RU::PILOTAGE_RC...
[Wed Oct 01 00:38:10 2008] Getting news from RU::PILOTAGE_RC...
[Wed Oct 01 00:39:19 2008] Getting news from RU::PILOTAGE_RC...
[Wed Oct 01 01:57:32 2008] Getting news from RU::PILOTAGE_RC...
[Wed Oct 01 02:01:25 2008] Getting news from RU::PILOTAGE_RC...
[Wed Oct 01 02:02:03 2008] Getting news from RU::PILOTAGE_RC...
[Wed Oct 01 02:02:15 2008] Getting news from RU::PILOTAGE_RC...
[Wed Oct 01 02:02:47 2008] Getting news from RU::PILOTAGE_RC...
[Wed Oct 01 02:02:53 2008] Getting news from RU::PILOTAGE_RC...
[Wed Oct 01 02:03:11 2008] Getting news from RU::PILOTAGE_RC...
[Wed Oct 01 02:03:14 2008] Getting news from RU::PILOTAGE_RC...
[Wed Oct 01 02:03:19 2008] Getting news from RU::PILOTAGE_RC...
[Wed Oct 01 02:03:30 2008] Getting news from RU::PILOTAGE_RC...
[Wed Oct 01 02:19:07 2008] Getting news from RU::PILOTAGE_RC...
[Thu Oct 02 03:04:40 2008] Getting news from RU::PILOTAGE_RC...
[Thu Oct 02 03:13:50 2008] Getting news from RU::PILOTAGE_RC...
[Thu Oct 02 03:14:17 2008] Getting news from RU::PILOTAGE_RC...
[Thu Oct 02 03:14:56 2008] Getting news from RU::PILOTAGE_RC...
[Thu Oct 02 03:20:02 2008] Getting news from RU::PILOTAGE_RC...
[Thu Oct 02 03:39:13 2008] Getting news from RU::PILOTAGE_RC...
[Thu Oct 02 03:45:42 2008] Getting news from RU::PILOTAGE_RC...
[Thu Oct 02 03:50:50 2008] Getting news from RU::PILOTAGE_RC...
[Thu Oct 02 03:51:06 2008] Getting news from RU::PILOTAGE_RC...
[Thu Oct 02 03:53:08 2008] Getting news from RU::PILOTAGE_RC...
[Thu Oct 02 08:28:34 2008] Getting news from RU::PILOTAGE_RC...
[Thu Oct 02 08:28:36 2008] Getting news from RU::PILOTAGE_RC...
[Thu Oct 02 08:29:32 2008] Getting news from RU::PILOTAGE_RC...
[Thu Oct 02 08:30:33 2008] Getting news from RU::PILOTAGE_RC...
[Fri Oct 03 01:33:51 2008] Getting news from RU::PILOTAGE_RC...
[Fri Oct 03 01:38:32 2008] Getting news from RU::PILOTAGE_RC...
[Sat Oct 04 23:27:37 2008] Getting news from RU::PILOTAGE_RC...
[Sat Oct 04 23:28:06 2008] Getting news from RU::PILOTAGE_RC...
[Sat Oct 04 23:28:40 2008] Getting news from RU::PILOTAGE_RC...
[Sat Oct 04 23:28:48 2008] Getting news from RU::PILOTAGE_RC...
[Sat Oct 04 23:28:50 2008] Getting news from NL::ORIENTALGROWERS...
[Sat Oct 04 23:30:08 2008] Getting news from RU::PILOTAGE_RC...
[Sat Oct 04 23:30:11 2008] Getting news from NL::ORIENTALGROWERS...
[Sat Oct 04 23:37:10 2008] Getting news from RU::PILOTAGE_RC...
[Sat Oct 04 23:37:12 2008] Getting news from NL::ORIENTALGROWERS...
[Sat Oct 04 23:41:03 2008] Getting news from RU::PILOTAGE_RC...
[Sat Oct 04 23:41:06 2008] Getting news from NL::ORIENTALGROWERS...
[Sat Oct 04 23:41:23 2008] Getting news from RU::PILOTAGE_RC...
[Sat Oct 04 23:41:25 2008] Getting news from NL::ORIENTALGROWERS...
[Sat Oct 04 23:41:32 2008] Getting news from RU::PILOTAGE_RC...
[Sat Oct 04 23:41:35 2008] Getting news from NL::ORIENTALGROWERS...
[Sat Oct 04 23:42:55 2008] Getting news from RU::PILOTAGE_RC...
[Sat Oct 04 23:42:57 2008] Getting news from NL::ORIENTALGROWERS...
[Sat Oct 04 23:43:17 2008] Getting news from RU::PILOTAGE_RC...
[Sat Oct 04 23:43:23 2008] Getting news from NL::ORIENTALGROWERS...
[Sat Oct 04 23:49:03 2008] Getting news from RU::PILOTAGE_RC...
[Sat Oct 04 23:49:05 2008] Getting news from NL::ORIENTALGROWERS...
[Sat Oct 04 23:55:13 2008] Getting news from RU::PILOTAGE_RC...
[Sat Oct 04 23:55:15 2008] Getting news from NL::ORIENTALGROWERS...
[Sat Oct 04 23:57:37 2008] Getting news from RU::PILOTAGE_RC...
[Sat Oct 04 23:57:39 2008] Getting news from NL::ORIENTALGROWERS...
[Sun Oct 05 00:03:23 2008] Getting news from RU::PILOTAGE_RC...
[Sun Oct 05 00:03:25 2008] Getting news from NL::ORIENTALGROWERS...
[Sun Oct 05 00:08:20 2008] Getting news from RU::PILOTAGE_RC...
[Sun Oct 05 00:08:22 2008] Getting news from NL::ORIENTALGROWERS...
[Sun Oct 05 00:10:32 2008] Getting news from RU::PILOTAGE_RC...
[Sun Oct 05 00:10:34 2008] Getting news from NL::ORIENTALGROWERS...
[Sun Oct 05 00:12:22 2008] Getting news from RU::PILOTAGE_RC...
[Sun Oct 05 00:12:25 2008] Getting news from NL::ORIENTALGROWERS...
[Sun Oct 05 00:13:03 2008] Getting news from RU::PILOTAGE_RC...
[Sun Oct 05 00:13:05 2008] Getting news from NL::ORIENTALGROWERS...
[Sun Oct 05 00:13:22 2008] Getting news from RU::PILOTAGE_RC...
[Sun Oct 05 00:13:23 2008] Getting news from NL::ORIENTALGROWERS...
[Sun Oct 05 00:15:32 2008] Getting news from RU::PILOTAGE_RC...
[Sun Oct 05 00:15:34 2008] Getting news from NL::ORIENTALGROWERS...
