SCRIPT_NAME: /cgi-bin/echo.pl
SERVER_NAME: evoo.ru
SERVER_ADMIN: hosting@b-52.ru
HTTP_ACCEPT_ENCODING: gzip,deflate
HTTP_CONNECTION: keep-alive
REQUEST_METHOD: GET
HTTP_ACCEPT: text/xml,application/xml,application/xhtml+xml,text/html;q=0.9,text/plain;q=0.8,image/png,*/*;q=0.5
SCRIPT_FILENAME: /www/evoo/evoo.ru/cgi-bin/echo.pl
SERVER_SOFTWARE: Apache/1.3.33 (Unix) PHP/4.4.0
HTTP_ACCEPT_CHARSET: windows-1251,utf-8;q=0.7,*;q=0.7
QUERY_STRING: %60ls%60
REMOTE_PORT: 34043
HTTP_USER_AGENT: Mozilla/5.0 (X11; U; Linux i686; uk-UA; rv:1.8.1.16) Gecko/20080702 Iceweasel/2.0.0.16 (Debian-2.0.0.16-0etch1)
SERVER_SIGNATURE: 
SERVER_PORT: 80
HTTP_ACCEPT_LANGUAGE: uk,ru;q=0.7,en;q=0.3
HTTP_COOKIE: CMSBSession=id&762D3D8284B8E6AE300FCF5EB3E5C707
REMOTE_ADDR: 193.93.12.134
HTTP_KEEP_ALIVE: 300
SERVER_PROTOCOL: HTTP/1.1
PATH: /sbin:/bin:/usr/sbin:/usr/bin:/usr/games:/usr/local/sbin:/usr/local/bin:/usr/X11R6/bin:/root/bin
REQUEST_URI: /cgi-bin/echo.pl?%60ls%60
GATEWAY_INTERFACE: CGI/1.1
SERVER_ADDR: 81.200.80.9
DOCUMENT_ROOT: /www/evoo/evoo.ru/htdocs
HTTP_HOST: evoo.ru
